<?xml version="1.0" encoding="UTF-8"?>
<testsuite xmlns:xsi="http://www.w3.org/2001/XMLSchema-instance" xsi:noNamespaceSchemaLocation="https://maven.apache.org/surefire/maven-surefire-plugin/xsd/surefire-test-report-3.0.xsd" version="3.0" name="com.aaujar.trscoreapi.TrsCoreApiApplicationTests" time="5.552" tests="1" errors="0" skipped="0" failures="0">
  <properties>
[...]
</properties>
  <testcase name="contextLoads" classname="com.aaujar.trscoreapi.TrsCoreApiApplicationTests" time="1.738">
    <system-out><![CDATA[18:42:52.668 [main] INFO org.springframework.test.context.support.AnnotationConfigContextLoaderUtils -- Could not detect default configuration classes for test class [com.aaujar.trscoreapi.TrsCoreApiApplicationTests]: TrsCoreApiApplicationTests does not declare any static, non-private, non-final, nested classes annotated with @Configuration.
18:42:52.883 [main] INFO org.springframework.boot.test.context.SpringBootTestContextBootstrapper -- Found @SpringBootConfiguration com.aaujar.trscoreapi.TrsCoreApiApplication for test class com.aaujar.trscoreapi.TrsCoreApiApplicationTests
18:42:53.195 [main] INFO org.springframework.boot.devtools.restart.RestartApplicationListener -- Restart disabled due to context in which it is running

  .   ____          _            __ _ _
 /\\ / ___'_ __ _ _(_)_ __  __ _ \ \ \ \
( ( )\___ | '_ | '_| | '_ \/ _` | \ \ \ \
 \\/  ___)| |_)| | | | | || (_| |  ) ) ) )
  '  |____| .__|_| |_|_| |_\__, | / / / /
 =========|_|==============|___/=/_/_/_/
 :: Spring Boot ::                (v3.1.8)

2024-02-17T18:42:53.707+07:00  WARN 24760 --- [           main] ory$DuplicateJsonObjectContextCustomizer : 

Found multiple occurrences of org.json.JSONObject on the class path:

	jar:file:/C:/Users/PC/.m2/repository/org/json/json/20200518/json-20200518.jar!/org/json/JSONObject.class
	jar:file:/C:/Users/PC/.m2/repository/com/vaadin/external/google/android-json/0.0.20131108.vaadin1/android-json-0.0.20131108.vaadin1.jar!/org/json/JSONObject.class

You may wish to exclude one of them to ensure predictable runtime behavior

2024-02-17T18:42:53.738+07:00  INFO 24760 --- [           main] c.a.t.TrsCoreApiApplicationTests         : Starting TrsCoreApiApplicationTests using Java 17.0.8 with PID 24760 (started by PC in D:\workspace\aaujar-v3\trs-01\trs-core-api)
2024-02-17T18:42:53.740+07:00  INFO 24760 --- [           main] c.a.t.TrsCoreApiApplicationTests         : No active profile set, falling back to 1 default profile: "default"
2024-02-17T18:42:55.185+07:00  WARN 24760 --- [           main] o.thymeleaf.templatemode.TemplateMode    : [THYMELEAF][main] Unknown Template Mode 'HTML5'. Must be one of: 'HTML', 'XML', 'TEXT', 'JAVASCRIPT', 'CSS', 'RAW'. Using default Template Mode 'HTML'.
2024-02-17T18:42:56.129+07:00  INFO 24760 --- [           main] c.a.t.TrsCoreApiApplicationTests         : Started TrsCoreApiApplicationTests in 2.959 seconds (process running for 4.851)
]]></system-out>
  </testcase>
</testsuite>